# JRE version: Java(TM) SE Runtime Environment (8.0_102-b14) (build 1.8.0_102-b14)
# Java VM: Java HotSpot(TM) 64-Bit Server VM (25.102-b14 mixed mode windows-amd64 compressed oops)
Heap:
 PSYoungGen      total 90624K, used 83968K [0x00000000eb400000, 0x00000000f4380000, 0x0000000100000000)
  eden space 83968K, 100% used [0x00000000eb400000,0x00000000f0600000,0x00000000f0600000)
  from space 6656K, 0% used [0x00000000f0600000,0x00000000f0600000,0x00000000f0c80000)
  to   space 6144K, 68% used [0x00000000f3d80000,0x00000000f41a14b8,0x00000000f4380000)
 ParOldGen       total 28160K, used 7378K [0x00000000c1c00000, 0x00000000c3780000, 0x00000000eb400000)
  object space 28160K, 26% used [0x00000000c1c00000,0x00000000c2334980,0x00000000c3780000)
 Metaspace       used 25987K, capacity 27606K, committed 27648K, reserved 1073152K
  class space    used 3514K, capacity 3823K, committed 3840K, reserved 1048576K
GC Heap History (10 events):
Event: 17.784 GC heap after
Heap after GC invocations=10 (full 0):
 PSYoungGen      total 59392K, used 1898K [0x00000000eb400000, 0x00000000ef480000, 0x0000000100000000)
  eden space 52736K, 0% used [0x00000000eb400000,0x00000000eb400000,0x00000000ee780000)
  from space 6656K, 28% used [0x00000000eee00000,0x00000000eefdabe8,0x00000000ef480000)
  to   space 6656K, 0% used [0x00000000ee780000,0x00000000ee780000,0x00000000eee00000)
 ParOldGen       total 44032K, used 10928K [0x00000000c1c00000, 0x00000000c4700000, 0x00000000eb400000)
  object space 44032K, 24% used [0x00000000c1c00000,0x00000000c26ac0d0,0x00000000c4700000)
 Metaspace       used 19152K, capacity 19962K, committed 20224K, reserved 1067008K
  class space    used 2480K, capacity 2703K, committed 2816K, reserved 1048576K
}
Event: 18.090 GC heap before
{Heap before GC invocations=11 (full 0):
 PSYoungGen      total 59392K, used 54634K [0x00000000eb400000, 0x00000000ef480000, 0x0000000100000000)
  eden space 52736K, 100% used [0x00000000eb400000,0x00000000ee780000,0x00000000ee780000)
  from space 6656K, 28% used [0x00000000eee00000,0x00000000eefdabe8,0x00000000ef480000)
  to   space 6656K, 0% used [0x00000000ee780000,0x00000000ee780000,0x00000000eee00000)
 ParOldGen       total 44032K, used 10928K [0x00000000c1c00000, 0x00000000c4700000, 0x00000000eb400000)
  object space 44032K, 24% used [0x00000000c1c00000,0x00000000c26ac0d0,0x00000000c4700000)
 Metaspace       used 19495K, capacity 20328K, committed 20480K, reserved 1067008K
  class space    used 2533K, capacity 2748K, committed 2816K, reserved 1048576K
Event: 18.094 GC heap after
Heap after GC invocations=11 (full 0):
 PSYoungGen      total 59392K, used 1453K [0x00000000eb400000, 0x00000000f1280000, 0x0000000100000000)
  eden space 52736K, 0% used [0x00000000eb400000,0x00000000eb400000,0x00000000ee780000)
  from space 6656K, 21% used [0x00000000ee780000,0x00000000ee8eb798,0x00000000eee00000)
  to   space 6144K, 0% used [0x00000000f0c80000,0x00000000f0c80000,0x00000000f1280000)
 ParOldGen       total 44032K, used 12036K [0x00000000c1c00000, 0x00000000c4700000, 0x00000000eb400000)
  object space 44032K, 27% used [0x00000000c1c00000,0x00000000c27c11d0,0x00000000c4700000)
 Metaspace       used 19495K, capacity 20328K, committed 20480K, reserved 1067008K
  class space    used 2533K, capacity 2748K, committed 2816K, reserved 1048576K
}
Event: 18.302 GC heap before
{Heap before GC invocations=12 (full 0):
 PSYoungGen      total 59392K, used 54189K [0x00000000eb400000, 0x00000000f1280000, 0x0000000100000000)
  eden space 52736K, 100% used [0x00000000eb400000,0x00000000ee780000,0x00000000ee780000)
  from space 6656K, 21% used [0x00000000ee780000,0x00000000ee8eb798,0x00000000eee00000)
  to   space 6144K, 0% used [0x00000000f0c80000,0x00000000f0c80000,0x00000000f1280000)
 ParOldGen       total 44032K, used 12036K [0x00000000c1c00000, 0x00000000c4700000, 0x00000000eb400000)
  object space 44032K, 27% used [0x00000000c1c00000,0x00000000c27c11d0,0x00000000c4700000)
 Metaspace       used 19642K, capacity 20512K, committed 20736K, reserved 1067008K
  class space    used 2555K, capacity 2784K, committed 2816K, reserved 1048576K
Event: 18.305 GC heap after
Heap after GC invocations=12 (full 0):
 PSYoungGen      total 90112K, used 933K [0x00000000eb400000, 0x00000000f1380000, 0x0000000100000000)
  eden space 83968K, 0% used [0x00000000eb400000,0x00000000eb400000,0x00000000f0600000)
  from space 6144K, 15% used [0x00000000f0c80000,0x00000000f0d694b0,0x00000000f1280000)
  to   space 6656K, 0% used [0x00000000f0600000,0x00000000f0600000,0x00000000f0c80000)
 ParOldGen       total 44032K, used 12612K [0x00000000c1c00000, 0x00000000c4700000, 0x00000000eb400000)
  object space 44032K, 28% used [0x00000000c1c00000,0x00000000c28511d0,0x00000000c4700000)
 Metaspace       used 19642K, capacity 20512K, committed 20736K, reserved 1067008K
  class space    used 2555K, capacity 2784K, committed 2816K, reserved 1048576K
}
Event: 18.670 GC heap before
{Heap before GC invocations=13 (full 0):
 PSYoungGen      total 90112K, used 48687K [0x00000000eb400000, 0x00000000f1380000, 0x0000000100000000)
  eden space 83968K, 56% used [0x00000000eb400000,0x00000000ee2a2ab8,0x00000000f0600000)
  from space 6144K, 15% used [0x00000000f0c80000,0x00000000f0d694b0,0x00000000f1280000)
  to   space 6656K, 0% used [0x00000000f0600000,0x00000000f0600000,0x00000000f0c80000)
 ParOldGen       total 44032K, used 12612K [0x00000000c1c00000, 0x00000000c4700000, 0x00000000eb400000)
  object space 44032K, 28% used [0x00000000c1c00000,0x00000000c28511d0,0x00000000c4700000)
 Metaspace       used 20329K, capacity 21174K, committed 21296K, reserved 1067008K
  class space    used 2651K, capacity 2869K, committed 2944K, reserved 1048576K
Event: 18.673 GC heap after
Heap after GC invocations=13 (full 0):
 PSYoungGen      total 90624K, used 1651K [0x00000000eb400000, 0x00000000f4380000, 0x0000000100000000)
  eden space 83968K, 0% used [0x00000000eb400000,0x00000000eb400000,0x00000000f0600000)
  from space 6656K, 24% used [0x00000000f0600000,0x00000000f079ced8,0x00000000f0c80000)
  to   space 6144K, 0% used [0x00000000f3d80000,0x00000000f3d80000,0x00000000f4380000)
 ParOldGen       total 44032K, used 13028K [0x00000000c1c00000, 0x00000000c4700000, 0x00000000eb400000)
  object space 44032K, 29% used [0x00000000c1c00000,0x00000000c28b91d0,0x00000000c4700000)
 Metaspace       used 20329K, capacity 21174K, committed 21296K, reserved 1067008K
  class space    used 2651K, capacity 2869K, committed 2944K, reserved 1048576K
}
Event: 18.673 GC heap before
{Heap before GC invocations=14 (full 1):
 PSYoungGen      total 90624K, used 1651K [0x00000000eb400000, 0x00000000f4380000, 0x0000000100000000)
  eden space 83968K, 0% used [0x00000000eb400000,0x00000000eb400000,0x00000000f0600000)
  from space 6656K, 24% used [0x00000000f0600000,0x00000000f079ced8,0x00000000f0c80000)
  to   space 6144K, 0% used [0x00000000f3d80000,0x00000000f3d80000,0x00000000f4380000)
 ParOldGen       total 44032K, used 13028K [0x00000000c1c00000, 0x00000000c4700000, 0x00000000eb400000)
  object space 44032K, 29% used [0x00000000c1c00000,0x00000000c28b91d0,0x00000000c4700000)
 Metaspace       used 20329K, capacity 21174K, committed 21296K, reserved 1067008K
  class space    used 2651K, capacity 2869K, committed 2944K, reserved 1048576K
Event: 18.720 GC heap after
Heap after GC invocations=14 (full 1):
 PSYoungGen      total 90624K, used 0K [0x00000000eb400000, 0x00000000f4380000, 0x0000000100000000)
  eden space 83968K, 0% used [0x00000000eb400000,0x00000000eb400000,0x00000000f0600000)
  from space 6656K, 0% used [0x00000000f0600000,0x00000000f0600000,0x00000000f0c80000)
  to   space 6144K, 0% used [0x00000000f3d80000,0x00000000f3d80000,0x00000000f4380000)
 ParOldGen       total 28160K, used 7378K [0x00000000c1c00000, 0x00000000c3780000, 0x00000000eb400000)
  object space 28160K, 26% used [0x00000000c1c00000,0x00000000c2334980,0x00000000c3780000)
 Metaspace       used 20327K, capacity 21168K, committed 21296K, reserved 1067008K
  class space    used 2650K, capacity 2868K, committed 2944K, reserved 1048576K
}
Event: 21.985 GC heap before
{Heap before GC invocations=15 (full 1):
 PSYoungGen      total 90624K, used 83968K [0x00000000eb400000, 0x00000000f4380000, 0x0000000100000000)
  eden space 83968K, 100% used [0x00000000eb400000,0x00000000f0600000,0x00000000f0600000)
  from space 6656K, 0% used [0x00000000f0600000,0x00000000f0600000,0x00000000f0c80000)
  to   space 6144K, 0% used [0x00000000f3d80000,0x00000000f3d80000,0x00000000f4380000)
 ParOldGen       total 28160K, used 7378K [0x00000000c1c00000, 0x00000000c3780000, 0x00000000eb400000)
  object space 28160K, 26% used [0x00000000c1c00000,0x00000000c2334980,0x00000000c3780000)
 Metaspace       used 25987K, capacity 27606K, committed 27648K, reserved 1073152K
  class space    used 3514K, capacity 3823K, committed 3840K, reserved 1048576K

